196 1 2 9
141 1 3 10
74 1 3 8
15 1 18 9
12 1 21 9
8 1 25 9
96 1 25 9
102 11 31 10
106 11 35 10
100 18 29 10
114 20 30 10
132 26 12 10

361 1 54 9
398 1 91 9
15 1 215 9
345 14 38 10
191 15 39 10
189 15 41 10
23 15 207 10
391 18 84 10
199 20 31 10
275 22 31 10
247 37 13 10
147 39 83 10
49 40 181 10
208 43 22 10
204 45 26 10
300 50 6 10
178 50 52 10
282 54 24 10
384 55 77 10
389 55 82 10
373 56 66 10
27 56 203 10
21 60 209 10
335 61 28 10
130 61 100 10
256 64 22 10
308 65 1 10
212 65 18 10
75 67 155 10
73 67 157 10
145 69 85 10
143 69 87 10
227 73 3 10
264 75 30 10
382 82 75 10
30 82 200 10
235 88 1 10

528 2 106 10
30 31 1 10
398 34 10 10
382 41 1 10
59 55 30 10
454 59 32 10
423 71 1 10
42 79 13 10
407 82 1 10
293 85 1 10

377 4 1 10
46 5 17 10
454 8 48 10
777 14 1 10
407 23 1 10
59 30 30 10
382 35 6 10
563 36 151 10
53 39 24 10
423 41 17 10
957 49 3 10
528 51 122 10
42 56 13 10
30 60 1 10
794 84 18 10
290 85 1 10
293 85 4 10
821 85 27 10
936 87 1 10

