3 2 11 17
1 3 13 16
8 4 6 22
26 5 12 10
13 6 1 20
11 6 3 20
20 6 6 20
16 10 2 12
23 11 9 13

15 1 7 75
36 1 28 27
42 3 34 23
9 4 1 61
2 5 6 21
26 6 18 24
46 8 38 43
22 10 14 30
31 11 23 34
5 15 3 21
13 16 5 38
28 16 20 10
39 33 31 21
17 60 9 25

56 1 5 11
2 1 47 64
9 3 40 10
34 4 15 48
45 5 4 47
85 5 34 21
4 7 45 68
69 11 18 49
50 13 1 86
66 14 15 39
95 14 44 15
76 17 25 42
16 17 33 38
93 17 42 12
25 21 24 17
80 21 29 34
19 23 30 30
37 25 12 32
48 26 1 14
59 29 8 17
52 31 1 31
71 32 20 28
27 33 22 12
89 34 38 19
21 35 28 18
30 36 19 12
32 39 17 19
13 42 36 27
62 52 11 16
87 62 36 21

