6 37 131 393 False
108 189 136 374 True
121 127 188 484 False
18 175 117 455 False
129 182 184 204 True
274 91 351 484 False
4 168 16 234 False
50 158 344 439 False
301 152 326 327 False
103 406 103 450 True
280 356 311 404 False
87 47 345 372 False
100 54 314 188 False
227 74 243 225 False
9 217 99 461 False
34 399 362 416 False
61 8 254 194 False
107 223 315 343 False
22 89 61 387 False
205 61 333 142 False
58 59 174 206 False
243 126 282 373 False
27 330 209 415 False
45 159 86 248 False
173 180 188 376 True
229 74 257 229 False
253 65 256 301 False
61 143 390 382 False
316 268 396 271 False
149 7 157 113 False
11 158 53 412 False
290 59 318 428 False
215 77 241 147 False
74 259 119 473 False
0 109 359 225 False
37 283 168 359 False
12 258 208 392 False
7 70 132 258 False
167 221 237 267 True
52 227 290 396 False
195 345 317 349 False
158 8 251 344 False
264 7 398 337 False
88 339 271 440 False
110 151 175 205 False
88 393 91 467 False
60 12 396 48 False
257 422 265 425 True
42 232 57 354 False
52 418 196 424 False
57 69 226 171 False
84 88 229 288 False
25 155 282 488 False
18 324 132 404 False
164 247 361 401 False
68 71 375 387 False
190 141 360 423 False
210 21 239 274 False
9 146 177 267 False
135 108 184 139 False
110 132 275 191 False
162 163 370 265 False
203 110 254 447 False
298 51 333 454 False
18 95 346 290 False
221 281 275 337 False
67 202 324 440 False
146 488 155 497 False
22 96 68 480 False
220 125 383 395 False
23 65 180 102 False
22 56 251 279 False
207 165 207 374 True
243 79 248 85 True
152 137 257 230 False
157 174 258 282 True
265 165 348 395 False
111 92 234 226 False
29 164 181 183 False
181 237 391 356 False
221 237 352 364 False
118 182 360 497 False
9 22 46 412 False
126 325 352 433 False
52 455 230 462 False
69 92 234 381 False
186 184 284 205 False
78 203 105 475 False
204 148 333 199 False
15 82 111 131 False
249 204 381 457 False
87 280 89 306 False
130 340 174 394 True
6 150 101 210 False
46 345 387 396 False
3 213 218 247 False
290 172 364 438 False
56 87 364 89 False
189 137 318 236 False
43 83 44 214 False
184 347 318 440 False
60 35 215 265 False
78 194 347 341 False
137 150 394 476 False
42 208 211 224 False
50 58 53 448 False
44 278 63 439 False
150 171 336 267 False
205 109 210 277 False
173 330 321 423 False
115 1 274 58 False
219 295 390 299 False
12 160 163 498 False
170 266 235 497 False
137 143 309 410 False
229 268 307 425 False
24 434 35 495 False
283 219 337 240 True
144 99 183 197 False
16 146 275 302 False
36 262 98 493 False
45 261 258 268 False
115 318 301 354 False
19 357 378 427 False
23 152 278 499 False
74 153 190 189 False
172 39 246 375 False
56 70 165 271 False
57 64 169 246 False
284 308 321 416 False
78 246 102 360 False
141 78 144 140 False
33 61 187 348 False
341 0 357 46 False
104 89 242 197 False
38 43 320 221 False
321 290 365 334 False
246 33 337 169 False
25 209 266 372 False
16 22 211 302 False
23 0 274 173 False
42 73 328 367 False
175 128 313 480 False
177 159 210 413 True
25 34 173 277 False
37 275 73 382 False
115 129 322 431 False
38 33 101 240 False
310 72 374 286 False
279 160 296 460 False
39 140 324 337 False
160 262 311 330 False
36 44 329 217 False
55 266 194 463 False
196 22 328 72 False
142 15 294 138 False
134 281 239 397 True
287 214 397 320 False
209 207 243 471 True
39 241 47 345 False
281 119 353 139 False
26 41 88 311 False
141 31 163 329 False
35 4 257 268 False
122 3 142 57 False
1 405 3 454 False
8 449 95 454 False
11 245 30 259 True
109 68 192 289 False
141 13 246 131 False
120 383 187 420 True
84 29 383 270 False
2 153 329 469 False
285 233 356 366 False
224 253 284 427 False
104 282 257 387 True
264 145 356 195 False
36 164 341 384 False
112 101 163 167 False
282 77 298 401 False
116 383 370 402 False
156 301 166 485 False
196 119 308 381 False
206 99 230 476 False
160 215 234 250 True
303 2 333 453 False
294 230 303 346 True
200 20 361 248 False
5 114 233 260 False
156 49 334 352 False
224 231 342 312 False
114 134 326 378 False
138 216 184 381 True
150 6 279 41 False
271 52 313 188 False
230 15 364 260 False
189 484 203 496 False
268 207 356 373 False
4 229 336 299 False
211 436 369 496 False
275 185 385 280 False
185 32 315 273 False
68 5 357 487 False
355 171 368 490 False
138 388 187 470 True
272 210 316 464 False
107 35 375 473 False
332 273 335 416 False
150 181 314 425 False
309 85 327 247 False
151 135 187 170 False
136 0 292 300 False
70 45 316 424 False
173 30 361 443 False
78 122 333 275 False
288 469 299 473 True
9 12 109 284 False
9 329 27 380 True
118 57 356 277 False
75 85 163 491 False
43 275 312 435 False
167 302 260 487 False
41 39 389 258 False
310 35 330 123 True
253 8 374 442 False
144 37 252 484 False
5 133 258 407 False
279 292 313 412 False
203 90 329 214 False
296 181 312 479 False
10 229 326 251 False
113 15 309 219 False
155 308 276 490 False
142 235 292 321 False
52 88 76 499 False
144 368 379 474 False
63 376 137 471 False
95 187 296 204 False
3 6 29 443 False
164 316 167 383 True
156 417 180 450 True
291 74 369 116 False
142 115 164 142 False
83 94 281 495 False
279 404 399 436 False
33 227 39 497 False
178 132 204 402 False
255 138 290 334 False
46 35 229 202 False
126 131 313 449 False
144 205 357 392 False
278 268 292 367 True
248 41 302 329 False
8 39 353 338 False
218 225 280 440 False
0 324 50 325 False
85 82 266 277 False
159 342 340 368 False
106 47 286 158 False
42 201 250 412 False
147 37 324 142 False
197 458 306 484 False
90 278 152 335 False
269 368 340 370 True
44 29 168 190 False
96 220 339 221 False
71 201 265 410 False
334 39 372 116 False
173 327 179 385 True
241 413 304 433 False
139 318 221 426 True
257 69 298 286 False
30 89 185 95 False
236 168 352 282 False
229 53 270 69 False
193 426 206 450 True
276 28 277 149 False
317 136 340 411 False
199 202 211 223 True
212 134 281 208 False
85 293 124 462 False
148 193 230 414 True
31 338 32 492 False
8 127 354 199 False
18 72 275 366 False
35 451 54 475 False
112 153 360 328 False
96 276 146 499 False
335 223 373 309 False
185 98 298 124 False
11 38 241 426 False
18 174 343 448 False
119 480 120 483 True
365 176 376 399 False
121 298 273 439 False
260 74 302 384 False
82 104 102 183 False
46 327 69 432 False
327 261 362 271 False
127 449 252 456 True
294 22 370 250 False
246 256 288 411 False
212 91 232 187 False
36 30 396 331 False
82 261 232 278 False
70 296 118 310 False
59 70 349 271 False
202 133 388 286 False
144 258 245 376 True
121 74 268 87 False
80 235 243 428 False
86 1 232 482 False
269 256 300 338 True
248 154 278 219 False
98 184 264 294 True
106 204 293 366 False
196 4 280 254 False
148 5 247 100 False
114 297 292 461 False
190 84 311 491 False
48 100 390 370 False
221 175 399 400 False
236 251 349 294 False
350 20 355 42 False
180 138 250 477 False
170 16 303 112 False
252 121 335 470 False
154 280 372 384 False
166 278 168 466 True
125 129 304 192 False
153 109 269 398 False
227 181 240 429 True
350 62 360 463 True
13 47 379 78 False
74 241 118 381 False
67 177 338 268 False
220 171 316 218 False
120 113 173 145 False
54 142 86 466 False
69 332 246 378 False
98 41 201 226 False
239 315 375 394 False
46 410 377 432 False
145 67 371 301 False
73 216 144 259 False
244 304 390 496 False
33 151 368 329 False
211 141 399 437 False
14 23 54 79 False
120 128 162 369 False
307 15 338 41 False
34 31 337 439 False
52 204 97 457 False
23 248 282 494 False
236 154 394 162 False
171 94 319 171 False
321 32 327 91 True
12 259 148 454 False
299 58 361 403 False
75 135 76 350 False
133 39 315 49 False
164 114 310 393 False
226 74 353 136 False
216 241 299 315 False
127 149 378 335 False
235 175 247 449 True
8 317 114 443 False
69 272 114 353 False
118 34 260 174 False
212 207 349 407 False
64 173 171 374 False
13 7 361 164 False
277 233 341 438 False
1 26 346 144 False
265 330 384 371 False
44 59 53 249 False
186 339 299 418 False
134 153 137 406 False
93 10 155 470 False
48 313 210 435 False
190 195 358 281 False
3 47 212 290 False
6 282 222 424 False
81 187 164 228 False
179 384 214 436 True
96 122 329 226 False
134 156 300 382 False
39 221 183 430 False
0 278 17 364 False
352 223 362 226 False
66 193 223 486 False
121 103 307 379 False
15 440 191 473 False
100 121 173 433 False
117 144 398 487 False
62 300 158 468 False
169 201 185 246 True
292 57 342 357 False
12 176 207 450 False
104 27 345 412 False
140 56 236 80 False
181 214 390 423 False
45 154 119 207 False
117 120 211 444 False
243 227 248 387 True
290 149 298 465 False
16 142 177 454 False
322 331 383 377 False
116 374 383 382 False
77 199 340 209 False
73 138 348 174 False
34 32 185 453 False
38 431 250 434 False
185 215 302 374 False
308 147 320 451 False
229 256 389 411 False
112 61 327 121 False
39 47 46 337 False
7 449 119 491 False
45 393 127 416 False
222 339 240 411 True
21 200 224 446 False
298 257 308 290 True
207 245 303 276 False
117 110 130 217 False
217 306 247 443 True
159 5 185 332 False
242 273 381 430 False
5 25 301 278 False
131 218 225 266 True
116 117 244 357 False
263 150 388 419 False
295 334 362 392 False
238 28 320 383 False
147 165 359 485 False
98 100 357 369 False
69 216 392 417 False
111 414 361 443 False
123 82 261 481 False
223 262 293 290 False
149 183 275 329 False
69 127 378 441 False
156 338 355 382 False
136 43 390 490 False
279 129 380 389 False
206 301 249 420 True
148 170 184 214 True
210 210 313 335 False
278 104 310 323 False
273 92 278 405 False
102 158 243 171 True
33 321 127 394 False
162 342 227 349 True
163 214 288 388 False
157 18 391 153 False
202 205 218 419 True
190 84 288 284 False
156 20 191 261 False
234 82 319 400 False
6 217 118 448 False
230 170 327 231 False
294 124 395 493 False
137 54 225 459 False
75 106 354 336 False
340 170 352 369 False
308 369 366 417 False
40 138 55 283 False
259 189 284 223 False
9 231 17 489 False
270 39 329 432 False
345 140 384 196 False
235 46 376 152 False
134 377 242 418 True
52 150 374 422 False
207 202 392 330 False
46 191 396 248 False
303 150 332 264 False
211 329 391 377 False
354 298 390 376 False
174 307 293 485 False
78 245 185 496 False
75 170 299 184 False
13 122 320 134 False
245 186 398 358 False
50 316 138 430 False
136 161 322 481 False
84 408 168 416 False
146 132 183 398 False
159 145 181 213 False
303 192 353 330 False
174 401 339 460 False
106 99 326 449 False
270 34 360 71 False
43 114 263 375 False
8 172 386 254 False
58 154 88 276 False
330 151 369 350 False
46 54 391 437 False
184 222 328 338 False
90 4 291 8 False
85 40 286 396 False
81 3 193 207 False
251 83 396 304 False
136 201 375 258 False
66 125 120 318 False
241 227 358 476 False
120 117 129 358 False
1 187 159 487 False
176 23 232 108 False
69 78 197 379 False
133 334 231 456 True
228 97 382 229 False
110 51 261 476 False
26 334 45 352 False
294 68 370 157 False
71 125 335 306 False
70 32 110 210 False
57 72 189 348 False
61 296 135 417 False
40 372 59 395 True
193 216 306 279 False
130 233 133 315 True
159 335 279 400 False
202 272 239 399 True
27 483 356 485 False
7 57 322 186 False
126 47 140 408 False
27 11 341 327 False
170 253 293 331 False
34 259 358 478 False
63 200 399 279 False
279 69 350 419 False
145 409 340 478 False
275 241 376 387 False
112 13 389 42 False
286 313 300 398 False
266 125 310 454 False
286 181 335 447 False
107 182 367 467 False
86 123 365 222 False
254 263 332 387 False
262 196 345 443 False
299 137 328 396 False
48 233 270 244 False
20 31 26 83 False
74 92 356 111 False
232 175 293 378 False
99 154 195 362 True
126 402 227 488 False
68 180 97 219 False
55 304 378 355 False
194 85 237 443 False
167 62 241 71 False
31 24 91 67 False
5 275 185 311 False
48 250 96 371 False
153 241 220 409 True
130 170 301 209 False
13 67 203 436 False
113 128 393 313 False
64 238 205 372 False
271 81 367 270 False
23 165 306 258 False
6 399 39 478 False
99 231 311 396 False
97 154 266 479 True
169 295 237 444 True
137 59 207 230 False
102 67 211 264 False
97 133 392 163 False
210 94 218 98 True
131 139 261 397 False
319 357 367 429 False
58 244 250 261 False
272 23 369 447 False
68 115 397 234 False
102 297 224 443 True
202 122 224 483 False
10 328 150 479 False
140 61 183 211 False
209 352 316 372 False
130 263 304 325 False
228 151 297 163 False
25 13 253 33 False
276 223 343 279 True
253 149 368 250 False
133 232 322 444 False
2 156 382 380 False
287 274 306 274 True
22 72 231 293 False
82 136 355 281 False
73 318 150 466 False
83 163 341 226 False
292 142 378 364 False
298 421 375 430 False
58 78 220 479 False
57 62 143 497 False
203 137 285 457 False
49 407 358 458 False
153 354 251 363 True
201 130 271 174 False
219 112 286 414 False
312 165 315 240 False
257 285 275 431 False
141 121 152 279 False
85 212 392 389 False
36 96 279 146 False
41 119 230 279 False
8 259 385 283 False
103 272 327 346 False
37 115 335 391 False
66 220 341 250 False
90 21 130 165 False
115 359 396 493 False
305 195 352 466 False
1 175 250 384 False
60 123 219 324 False
46 188 299 477 False
17 70 23 477 False
34 186 194 405 False
136 389 148 458 True
226 131 396 465 False
85 240 100 270 False
88 201 276 267 False
140 254 321 263 False
186 226 378 290 False
191 94 295 385 False
56 58 274 60 False
174 283 223 445 True
253 430 367 486 False
26 45 363 300 False
232 23 307 174 False
153 131 394 212 False
79 163 224 354 False
246 162 399 306 False
14 247 206 304 False
163 36 334 62 False
373 152 395 222 False
185 244 188 343 True
183 426 184 479 True
247 2 375 218 False
220 182 278 260 False
207 320 332 423 False
109 351 161 427 True
173 347 231 441 True
59 400 197 433 False
138 10 238 460 False
83 184 259 250 False
202 173 216 444 True
96 96 279 370 False
268 241 341 493 False
23 93 273 281 False
237 49 248 338 False
155 212 300 468 False
252 62 385 284 False
78 207 331 366 False
59 23 112 82 False
28 81 328 223 False
209 73 267 328 False
241 171 375 333 False
93 163 194 317 False
95 87 366 450 False
95 73 226 99 False
91 325 260 365 False
57 143 253 334 False
29 173 83 177 True
71 1 154 309 False
75 112 144 380 False
78 199 313 288 False
65 303 163 402 False
256 4 380 426 False
127 2 187 400 False
170 17 341 258 False
274 89 308 471 False
221 155 313 201 False
271 267 355 269 False
106 303 148 468 True
196 105 364 320 False
100 138 160 376 False
272 123 335 352 False
181 190 183 462 True
133 110 250 414 False
74 32 239 154 False
14 167 165 427 False
149 33 249 448 False
106 182 115 403 True
377 256 399 305 True
90 439 119 442 False
288 257 333 450 False
356 231 380 439 False
41 177 57 456 False
231 225 327 406 False
265 467 352 468 False
58 190 274 409 False
117 71 256 93 False
295 83 331 239 False
54 349 130 466 False
150 69 205 463 False
165 63 397 248 False
265 15 300 16 True
280 327 348 397 False
24 401 356 495 False
210 44 348 45 False
70 127 141 370 False
378 214 395 242 True
149 195 173 279 True
12 436 251 453 False
270 291 366 412 False
20 260 263 346 False
315 342 391 345 False
260 122 392 335 False
60 167 155 180 False
299 329 379 438 False
5 177 194 447 False
265 119 293 170 False
51 199 208 437 False
20 45 198 352 False
197 218 269 407 False
65 12 190 340 False
18 15 326 15 False
81 28 217 312 False
83 47 198 314 False
204 300 323 320 False
29 305 58 346 False
124 38 329 287 False
5 63 144 139 False
93 102 106 342 False
40 95 332 396 False
279 171 289 329 False
117 203 372 225 False
17 206 335 481 False
234 35 360 355 False
42 325 259 418 False
9 53 69 76 False
210 215 225 422 True
360 159 389 290 False
88 332 158 377 False
0 315 176 434 False
48 84 157 497 False
199 163 390 221 False
52 126 197 374 False
259 137 304 344 False
159 33 339 495 False
192 59 343 358 False
251 22 277 349 False
108 276 296 455 False
52 9 170 208 False
25 85 96 175 False
258 127 394 386 False
82 95 293 290 False
184 99 185 114 True
21 32 254 370 False
122 157 312 409 False
303 74 371 306 False
1 323 7 391 False
15 81 291 126 False
185 159 193 198 True
133 4 398 276 False
35 9 397 423 False
267 274 348 349 True
344 141 367 484 False
258 26 278 350 False
12 255 41 428 False
48 275 234 478 False
11 150 158 417 False
76 212 365 303 False
211 98 360 476 False
242 9 247 204 False
125 128 258 297 False
290 88 385 255 False
7 76 185 110 False
21 72 109 336 False
124 386 363 438 False
187 115 231 119 False
108 436 231 459 True
212 316 252 323 True
331 59 343 331 False
162 352 350 401 False
110 58 218 162 False
120 285 370 307 False
48 351 263 440 False
94 192 306 412 False
128 237 359 426 False
141 495 323 499 False
269 252 360 440 False
200 135 378 215 False
238 357 275 483 False
82 11 263 140 False
115 427 314 492 False
126 63 158 320 False
102 27 230 353 False
90 217 149 381 False
262 47 306 270 False
275 184 393 493 False
97 152 378 217 False
267 116 394 374 False
27 285 351 323 False
69 202 366 413 False
20 183 376 210 False
43 448 251 461 False
