45 127 97 143 False
43 207 202 296 False
103 201 176 214 False
40 211 247 277 False
56 37 143 250 False
21 77 172 166 False
11 158 244 160 False
52 88 249 204 False
27 49 50 236 False
71 205 176 262 False
34 128 150 204 False
203 53 209 145 False
164 125 217 333 False
54 24 203 166 False
105 90 131 224 False
107 43 186 164 False
131 50 225 139 False
11 74 230 319 False
169 38 223 50 False
108 106 134 154 False
103 131 206 146 False
9 99 173 149 False
117 41 226 145 False
32 174 241 248 False
0 144 171 334 False
9 25 244 54 False
6 233 78 313 False
40 220 60 260 False
55 63 64 230 False
180 74 193 247 False
48 16 183 172 False
39 85 225 156 False
12 221 113 282 False
26 62 55 149 False
138 177 199 183 False
34 4 168 305 False
182 4 232 343 False
128 199 247 297 False
27 222 84 302 False
19 96 207 118 False
77 152 87 331 False
93 54 166 249 False
4 260 50 323 False
21 186 30 276 False
48 117 228 188 False
115 149 207 293 False
0 193 87 244 False
64 208 152 320 False
2 81 216 217 False
117 237 132 269 False
13 264 57 319 False
4 209 29 297 False
70 76 143 280 False
7 133 23 231 False
71 59 143 96 False
35 186 158 283 False
48 22 102 50 False
59 32 142 316 False
51 290 221 314 False
80 32 115 187 False
143 30 198 85 False
180 145 238 225 False
62 113 160 303 False
64 176 119 218 False
136 45 173 304 False
126 263 165 292 True
175 90 205 307 False
25 114 114 268 False
137 20 220 99 False
38 128 132 226 False
97 217 219 249 False
29 54 173 210 False
120 34 239 222 False
76 126 209 306 False
35 2 152 171 False
48 294 244 317 False
82 220 224 328 False
123 151 161 339 False
235 230 246 327 False
81 10 94 195 False
129 176 181 348 False
40 124 55 144 False
63 105 182 149 False
213 173 230 331 False
161 213 242 349 False
20 120 106 340 False
48 165 248 206 False
190 199 217 331 False
60 65 71 212 True
168 71 188 160 False
89 292 164 334 False
63 53 142 315 False
146 94 199 99 True
58 38 67 192 False
164 298 205 335 False
16 55 149 216 False
90 79 120 314 False
114 38 145 80 False
13 273 143 339 False
112 185 176 236 False
41 7 243 284 False
182 266 249 284 False
75 23 140 339 False
88 309 116 341 False
3 237 64 277 True
120 33 192 68 True
221 45 242 80 False
104 156 141 341 False
33 142 187 255 False
78 26 206 153 False
11 19 33 94 False
50 176 142 268 False
25 58 188 239 False
68 296 206 348 False
121 62 174 132 False
154 67 194 340 False
36 104 186 342 False
164 80 223 313 False
30 192 81 297 False
55 173 239 266 False
204 6 224 274 False
98 22 249 113 False
44 22 72 128 False
161 68 165 175 False
34 118 239 201 False
53 29 211 113 False
161 84 193 157 False
22 314 111 315 False
99 238 151 253 True
83 56 197 70 False
32 20 173 26 False
3 114 23 263 False
205 93 240 123 False
107 173 212 310 False
20 224 190 264 False
14 118 66 274 False
40 180 149 220 False
36 89 193 304 False
223 119 240 134 False
71 122 239 200 False
201 271 234 324 False
25 317 71 324 False
54 46 160 294 False
70 49 108 102 False
57 28 249 65 False
35 108 77 122 False
90 192 139 266 False
36 56 225 248 False
40 132 123 253 False
3 36 75 43 False
176 69 222 334 False
101 76 132 338 False
86 20 241 215 False
222 115 223 257 False
41 124 234 132 False
37 42 56 234 False
39 43 199 322 False
94 77 235 269 False
86 43 87 111 False
247 280 247 347 False
41 3 48 265 False
1 116 204 168 False
221 10 223 232 False
180 238 229 260 False
73 269 187 315 False
86 128 182 186 False
59 146 222 342 False
41 75 192 310 False
54 49 57 324 False
48 126 196 179 False
4 161 236 292 False
189 93 193 331 False
26 131 116 221 False
87 159 220 319 False
79 60 134 237 False
14 206 102 299 False
1 31 90 81 False
37 211 52 345 False
119 9 137 84 False
55 0 195 182 False
7 12 163 266 False
156 153 199 165 True
72 19 179 180 False
71 159 247 244 False
200 54 211 75 True
193 214 201 334 False
20 129 135 348 False
59 150 213 238 False
0 65 55 237 False
44 174 165 272 False
97 50 247 326 False
2 98 228 315 False
161 117 181 269 False
5 208 249 268 False
194 180 196 323 False
54 105 88 159 False
194 0 233 201 False
130 107 239 175 True
96 123 209 254 False
53 64 110 139 False
54 9 64 224 False
48 123 196 136 False
151 107 173 256 False
89 44 104 71 False
44 72 123 330 False
10 47 97 221 False
33 104 40 150 False
199 46 219 166 False
143 45 157 106 False
98 39 175 46 False
22 237 50 341 False
96 251 126 251 True
86 25 149 326 False
182 187 246 296 False
69 95 218 345 False
82 91 244 92 False
19 259 79 302 False
34 172 89 281 False
58 171 87 212 True
166 23 225 162 False
150 117 218 193 False
65 14 169 115 False
188 180 241 255 False
14 192 197 263 False
58 45 176 254 False
6 165 216 334 False
102 257 176 273 False
29 99 105 251 False
32 3 113 23 False
114 22 180 293 False
212 130 213 141 True
13 12 230 256 False
86 96 160 283 False
210 22 244 145 False
86 48 156 69 False
120 71 233 218 False
16 9 23 104 False
24 60 29 182 False
140 295 154 306 True
36 105 90 195 False
180 171 240 178 False
11 143 54 297 False
102 178 230 223 False
141 51 215 120 False
67 6 238 157 False
31 81 147 227 False
20 38 147 331 False
13 70 228 342 False
67 0 218 12 False
177 155 234 253 False
