0 61 4 65 True
29 33 41 48 False
7 30 15 82 False
1 7 47 20 False
20 20 42 80 False
20 33 23 37 True
26 27 41 55 False
11 18 18 23 False
0 24 24 32 False
25 0 46 54 False
26 15 43 63 False
10 51 11 92 False
10 43 18 75 False
15 7 18 8 True
6 30 44 77 False
1 36 26 45 False
6 76 15 99 False
1 37 28 83 False
1 73 44 77 False
35 69 49 73 False
5 33 13 34 True
4 36 22 38 False
2 0 47 40 False
0 45 29 85 False
41 81 48 85 True
32 25 40 58 False
40 48 42 64 True
7 4 46 43 False
12 4 49 99 False
13 52 26 72 False
7 14 44 43 False
16 51 17 93 False
14 6 20 30 True
29 71 44 95 False
5 58 21 94 False
40 26 49 55 False
33 55 48 73 False
33 2 46 93 False
17 2 36 53 False
16 52 18 75 False
2 34 27 54 False
17 17 24 87 False
13 53 30 71 True
0 13 15 25 False
13 1 43 2 False
18 4 36 47 False
21 54 48 66 False
8 57 47 58 False
5 10 15 74 False
1 23 18 83 False
26 41 48 60 False
8 9 33 31 False
13 24 16 95 False
0 36 15 79 False
4 33 37 66 False
6 47 15 84 False
9 54 16 89 False
17 24 38 60 False
17 19 47 94 False
16 57 31 91 False
27 30 42 50 False
37 5 45 17 False
11 1 45 87 False
8 85 26 92 False
3 36 39 37 False
23 49 43 68 False
32 9 44 31 True
8 10 49 21 False
0 29 16 68 False
21 31 45 40 False
15 26 47 65 False
11 47 12 92 False
3 16 10 79 False
20 11 24 95 False
7 36 10 82 True
36 20 48 95 False
8 6 28 80 False
25 59 26 82 False
5 37 13 79 False
28 15 34 41 False
10 13 44 74 False
30 59 34 84 False
23 18 44 25 False
22 55 26 89 False
6 36 14 82 False
25 27 27 96 False
7 35 16 86 False
2 14 35 54 False
6 9 28 87 False
22 32 31 35 False
11 29 17 84 False
22 26 36 81 False
16 85 24 93 False
6 23 30 59 False
18 24 38 41 False
1 61 11 77 False
3 27 3 54 False
10 47 15 90 False
10 46 46 48 False
45 50 49 91 False
