150 58 176 99 False
61 47 197 93 False
17 23 106 87 False
154 27 161 93 False
1 8 28 63 False
47 20 95 99 False
45 3 89 21 False
64 0 64 83 False
166 3 167 30 False
100 46 197 85 False
160 28 166 63 False
39 77 104 88 True
85 93 117 99 False
27 53 116 75 False
127 56 131 74 True
9 8 37 63 False
16 1 112 31 False
25 23 176 91 False
44 18 170 35 True
82 71 86 72 True
66 57 175 80 False
124 6 181 48 False
54 69 182 93 False
99 34 126 49 False
176 27 188 92 False
104 21 153 46 False
5 32 169 48 False
16 47 141 61 False
51 44 84 60 True
58 21 138 58 False
72 8 74 56 False
6 9 87 88 False
94 71 108 75 True
84 15 149 75 False
57 29 87 85 False
4 9 88 25 False
85 0 171 37 False
58 18 60 52 False
81 10 134 51 False
3 68 139 71 False
119 5 152 46 False
162 21 163 37 True
53 45 124 92 True
54 9 173 80 False
52 0 130 5 False
11 20 44 56 False
142 72 148 95 False
29 50 83 73 False
123 69 193 97 False
72 31 84 62 False
7 77 55 79 False
22 50 80 93 False
162 37 166 99 False
1 24 127 60 False
54 12 137 34 True
2 64 136 89 False
149 65 161 97 False
108 19 121 20 True
6 61 183 69 False
60 2 124 87 False
139 2 162 19 False
34 62 141 67 True
93 10 175 80 False
85 25 120 69 False
22 38 63 88 False
48 24 89 40 True
48 77 86 95 False
74 17 84 70 False
62 4 70 75 False
83 44 115 91 True
150 19 187 62 False
23 59 187 82 False
91 31 183 67 False
10 7 173 40 True
15 37 62 85 False
122 45 149 63 True
2 4 19 87 False
16 67 111 86 False
3 2 139 27 False
51 19 73 90 False
119 21 191 50 False
175 11 191 61 False
16 27 186 88 False
63 55 121 66 True
83 6 150 68 False
121 47 125 82 True
56 44 166 99 False
11 74 179 85 False
119 33 126 99 False
63 21 191 55 False
34 11 126 44 False
20 37 92 42 False
46 7 194 41 False
42 40 99 59 False
106 6 119 84 False
62 84 183 92 False
8 9 189 30 False
92 19 165 23 True
13 75 68 80 False
73 44 186 89 False
95 23 177 57 False
130 10 135 90 False
181 19 191 83 False
121 34 171 72 False
9 33 64 47 False
131 16 166 37 True
142 5 149 44 False
115 38 121 54 False
182 31 183 77 True
22 3 100 55 False
124 9 195 11 False
90 24 116 31 True
74 0 142 82 False
70 13 187 57 False
58 52 156 60 True
21 16 37 48 False
139 22 193 52 False
10 65 27 90 False
171 21 199 96 False
122 38 123 45 False
172 2 190 99 False
34 16 166 61 False
133 26 168 83 False
29 79 63 98 False
152 8 157 35 True
85 9 140 17 True
50 24 116 35 True
19 2 122 6 False
96 10 135 16 True
39 9 162 77 False
100 37 108 89 False
6 54 78 57 False
149 65 149 84 True
1 59 8 61 True
71 95 84 95 False
1 45 61 72 False
112 13 170 66 False
22 2 191 53 False
116 4 175 56 False
137 26 179 63 False
57 5 143 13 False
2 12 182 32 False
44 56 82 88 True
52 14 132 59 False
143 45 164 80 True
18 50 84 97 False
142 59 156 75 True
5 21 120 64 False
3 73 137 83 False
88 11 126 77 False
118 20 125 23 True
10 8 145 64 False
71 30 86 97 False
121 23 162 46 False
46 23 73 28 True
155 4 196 51 False
185 5 193 53 False
124 16 187 74 False
37 42 138 97 False
93 2 148 15 False
15 1 64 12 False
123 25 196 37 False
77 42 150 43 True
44 35 61 55 False
62 9 140 79 False
16 54 52 61 False
42 18 113 70 False
28 77 75 95 False
23 4 51 18 False
76 10 178 64 False
143 21 196 61 False
31 6 198 17 False
24 67 144 96 False
39 39 122 88 False
16 1 169 83 False
9 39 37 88 False
19 24 197 52 False
107 20 156 23 True
59 12 76 29 True
68 66 193 99 False
45 72 55 87 True
55 2 134 82 False
22 24 72 56 False
19 20 21 82 False
3 18 173 26 False
95 20 108 48 False
88 13 89 54 False
55 24 180 65 False
64 54 199 88 False
38 1 81 16 False
162 34 198 51 False
121 56 184 87 False
59 4 71 78 False
101 38 140 57 False
40 21 170 93 False
160 52 192 73 False
142 50 174 92 False
160 4 176 61 False
160 64 172 83 False
178 5 190 87 True
13 29 107 88 False
16 44 101 87 False
9 16 111 94 False
90 39 115 46 False
28 15 176 66 False
86 34 159 73 False
95 42 123 79 True
37 20 119 53 False
17 37 109 88 False
107 57 195 74 False
3 48 125 72 False
105 22 123 25 True
16 27 184 76 False
11 1 181 88 False
15 62 140 95 False
71 2 190 97 False
3 2 183 60 False
50 30 98 74 False
116 31 146 32 True
15 35 189 54 False
82 31 169 95 False
50 30 84 79 False
142 4 171 45 False
68 22 165 78 False
24 2 53 94 False
15 38 30 59 False
72 54 189 87 False
104 79 198 93 False
82 87 121 99 False
52 50 191 78 False
156 61 169 91 True
32 37 171 93 False
48 43 106 48 True
38 8 57 25 True
128 64 174 93 False
111 35 120 81 False
128 11 139 98 False
45 25 177 58 False
155 57 180 88 False
105 7 143 42 False
46 86 188 93 False
11 0 118 7 False
35 43 73 77 True
113 29 144 78 False
46 6 113 17 False
77 25 186 95 False
59 29 139 64 False
80 70 153 81 True
114 16 118 54 False
13 9 158 48 False
