82 146 96 422 False
254 237 272 311 False
36 28 167 276 False
171 110 239 265 False
103 57 280 190 False
51 366 263 449 False
95 61 121 469 False
51 195 249 282 False
42 79 244 128 False
173 311 177 493 False
110 207 258 291 False
234 10 298 216 False
29 20 63 378 False
277 67 297 274 False
43 302 168 389 False
211 64 218 309 False
176 15 251 59 False
143 78 286 390 False
126 64 170 117 False
22 44 200 127 False
63 52 172 61 False
14 87 180 375 False
166 26 183 155 False
233 153 245 468 False
151 4 223 141 False
213 365 255 401 False
155 220 223 255 False
113 219 277 329 False
140 51 223 243 False
66 134 279 224 False
177 50 241 416 False
195 85 199 422 False
8 241 278 298 False
81 201 186 222 False
148 95 204 253 False
188 96 274 384 False
32 237 86 280 False
6 98 116 208 False
120 175 236 464 False
37 157 277 350 False
75 279 92 375 False
62 242 251 451 False
235 202 254 421 False
20 151 133 284 False
100 279 246 346 False
102 381 271 452 False
65 397 132 496 False
90 82 262 412 False
160 152 252 361 False
145 284 170 327 False
38 132 132 252 False
41 419 44 452 True
151 386 188 401 True
140 75 171 440 False
121 47 161 137 False
54 313 249 419 False
13 237 130 355 False
141 127 290 136 False
109 96 132 473 False
9 148 249 481 False
114 120 299 328 False
23 78 265 441 False
144 152 275 454 False
114 443 274 461 False
139 90 288 109 False
133 398 235 424 False
69 124 172 168 False
84 291 156 393 False
12 448 61 499 False
114 330 261 489 False
144 247 219 427 False
134 329 255 341 False
118 59 294 107 False
190 13 201 39 False
163 10 231 479 False
60 22 129 141 False
162 146 280 207 False
8 264 227 286 False
12 107 164 499 False
46 12 207 23 False
85 290 242 398 False
101 459 117 472 True
162 114 295 393 False
69 218 129 324 False
50 283 287 428 False
72 327 244 355 False
128 54 154 279 False
32 25 103 94 False
83 327 110 425 False
157 241 185 459 False
35 13 272 98 False
230 26 280 162 False
45 6 144 385 False
132 89 138 139 False
16 95 190 334 False
30 258 186 338 False
15 33 201 367 False
25 288 127 477 False
69 58 290 111 False
148 212 273 331 False
122 363 278 391 False
46 101 142 494 False
165 116 196 412 False
74 376 130 479 False
1 14 261 294 False
113 47 202 108 False
19 197 56 282 True
59 38 168 80 False
188 209 288 289 False
136 36 254 271 False
80 275 112 462 False
18 268 227 348 False
161 65 292 221 False
172 368 184 451 False
124 110 245 165 False
112 188 144 339 False
101 350 289 384 False
125 126 277 441 False
191 80 211 255 False
113 363 159 413 False
1 79 13 354 False
201 411 268 488 False
10 97 242 187 False
176 14 264 186 False
88 169 95 175 True
33 291 109 333 False
20 248 72 320 False
123 93 219 380 False
62 173 285 384 False
73 59 256 443 False
5 61 239 168 False
114 213 210 414 False
37 0 204 194 False
169 34 294 69 False
169 355 294 481 False
154 59 239 439 False
170 177 184 234 True
49 209 174 465 False
8 176 75 413 False
8 57 277 399 False
72 129 223 415 False
75 181 250 419 False
82 98 191 400 False
184 275 281 469 False
72 361 262 428 False
201 156 245 372 False
170 340 233 455 False
171 101 264 309 False
187 146 214 219 False
19 99 258 245 False
94 117 141 485 False
99 284 167 353 False
59 261 221 335 False
147 174 184 177 False
17 60 37 365 False
179 101 296 238 False
45 110 293 325 False
12 104 250 139 False
41 28 163 126 False
149 53 201 338 False
67 386 133 484 False
144 167 238 455 False
189 53 190 407 False
27 124 266 303 False
90 109 231 182 False
53 177 215 325 False
13 271 73 366 False
37 324 73 336 False
153 238 160 299 False
70 10 224 221 False
178 129 214 289 False
80 33 242 390 False
129 79 161 420 False
102 56 255 363 False
26 272 124 469 False
91 161 279 420 False
157 7 298 266 False
14 180 63 395 False
56 90 276 124 False
39 5 241 376 False
17 104 77 131 False
39 168 62 436 False
64 11 95 461 False
20 321 38 459 False
90 68 245 433 False
56 184 282 450 False
120 164 240 217 False
8 77 80 220 False
32 350 130 465 False
26 89 115 489 False
256 326 274 406 False
165 120 253 127 False
143 323 245 464 False
43 114 65 454 False
80 316 160 396 False
27 55 93 100 False
164 16 173 458 False
223 5 247 136 False
154 325 208 357 False
115 278 152 462 False
132 478 266 481 False
125 265 242 465 False
57 110 190 230 False
252 51 274 258 False
63 135 100 309 False
99 254 200 328 False
200 139 274 352 False
26 106 37 170 False
55 100 120 429 False
75 104 158 459 False
196 40 200 365 False
68 302 255 372 False
8 145 101 297 False
89 24 201 181 False
23 40 106 40 False
61 5 252 270 False
39 334 74 475 False
25 387 194 441 False
97 74 150 175 False
5 366 172 397 False
209 25 281 229 False
3 234 230 406 False
11 55 117 96 False
94 48 163 82 False
166 224 249 456 False
13 119 105 319 False
132 8 292 265 False
13 53 295 90 False
213 46 283 188 False
87 118 265 220 False
59 47 247 154 False
25 30 63 97 False
108 52 272 133 False
23 3 142 287 False
275 197 284 345 False
119 249 271 331 False
44 14 294 451 False
112 244 241 440 False
160 1 181 105 False
193 155 271 325 False
123 61 174 240 False
215 31 222 239 False
51 350 164 485 False
134 109 142 186 False
23 219 98 378 False
0 293 120 499 False
6 303 35 379 False
115 105 198 154 False
65 226 65 438 False
9 5 219 343 False
206 207 232 467 False
131 89 240 180 False
225 233 277 498 False
81 167 106 410 False
8 94 106 245 False
54 18 172 298 False
9 40 12 310 False
53 376 232 446 False
62 61 265 159 False
47 333 105 397 False
62 0 219 358 False
100 115 121 131 False
1 327 168 348 False
173 164 201 411 False
61 32 62 249 False
137 398 144 450 False
56 23 291 235 False
5 195 270 345 False
29 96 271 140 False
48 62 264 332 False
170 112 298 175 False
7 162 34 311 False
70 287 169 490 False
69 10 260 157 False
164 390 281 395 False
43 269 181 455 False
25 372 38 435 False
103 42 167 302 False
47 199 206 266 False
174 424 215 470 False
89 54 102 344 False
52 97 280 481 False
100 82 103 336 False
283 61 299 392 False
87 186 106 465 False
164 209 260 392 False
40 209 132 387 False
14 144 123 168 False
71 83 173 411 False
67 206 98 240 False
80 39 187 460 False
52 183 183 247 False
70 337 257 446 False
113 98 189 241 False
14 377 58 396 False
112 438 234 480 False
154 239 247 452 False
124 31 157 498 False
13 226 71 391 False
46 85 99 342 False
28 352 221 379 False
127 212 277 444 False
89 36 139 205 False
232 314 261 396 False
108 361 196 409 False
0 241 181 322 False
82 268 258 436 False
215 138 275 190 False
44 6 138 256 False
174 207 183 392 False
49 128 279 484 False
128 279 229 309 False
71 334 88 336 False
180 379 210 455 False
198 289 289 479 False
225 357 295 424 False
248 132 279 331 False
55 396 200 412 False
283 11 288 210 True
57 65 94 228 False
87 92 181 97 False
103 317 166 429 False
176 299 181 416 False
51 43 126 264 False
71 13 117 411 False
236 101 265 275 False
154 113 284 210 False
25 400 166 424 False
117 0 295 329 False
1 27 279 29 False
84 90 142 256 False
156 346 251 392 False
57 36 164 60 False
24 237 263 330 False
18 326 224 345 False
109 321 123 491 False
50 33 96 484 False
198 332 223 354 False
91 276 166 313 False
11 113 116 477 False
67 90 214 375 False
59 56 67 498 False
140 0 296 226 False
17 40 44 458 False
88 52 211 313 False
28 30 239 458 False
60 62 87 343 False
17 111 103 112 False
156 14 220 492 False
71 157 267 269 False
246 194 246 404 False
163 287 209 474 False
92 69 177 431 False
18 310 66 320 False
75 91 98 213 False
223 28 288 198 False
26 57 274 120 False
35 54 80 95 False
10 157 33 388 False
43 95 86 217 False
1 81 90 183 False
159 45 280 233 False
13 129 90 343 False
101 87 287 200 False
197 210 253 485 False
117 440 137 499 False
191 62 255 212 False
67 65 261 223 False
97 178 222 200 False
27 103 120 114 False
121 5 218 125 False
51 283 205 298 False
30 13 245 206 False
151 402 221 485 False
144 25 210 350 False
212 135 225 186 False
62 182 173 308 False
24 99 201 409 False
6 19 19 58 False
196 7 226 481 False
18 269 276 383 False
86 4 181 455 False
7 244 45 408 False
139 145 174 152 False
95 148 240 404 False
54 153 92 227 False
110 145 222 443 False
3 116 161 211 False
209 163 265 450 False
157 106 194 230 False
0 57 32 258 False
209 37 296 324 False
97 194 102 329 False
83 145 182 276 False
5 118 120 196 False
54 193 133 257 False
58 16 221 79 False
2 7 283 321 False
3 161 99 305 False
87 160 273 162 False
5 177 144 226 False
15 243 191 399 False
66 321 180 419 False
168 56 279 471 False
68 108 290 194 False
89 165 250 283 False
103 214 179 233 False
34 28 38 174 False
73 11 151 250 False
42 429 267 436 False
94 42 238 386 False
58 24 280 69 False
33 61 165 235 False
49 107 278 219 False
122 204 160 424 False
23 21 167 219 False
186 283 240 340 False
87 460 145 495 False
122 274 228 358 False
231 86 274 157 False
34 37 204 248 False
3 197 141 206 False
2 94 128 179 False
64 187 167 264 False
2 238 130 336 False
49 13 50 452 False
166 352 273 425 False
134 221 175 443 False
183 48 258 345 False
18 439 274 466 False
45 59 288 459 False
118 81 258 153 False
78 258 267 342 False
196 170 283 385 False
152 181 207 299 False
8 9 59 390 False
168 391 223 452 False
111 27 194 212 False
34 29 131 206 False
39 320 108 391 False
138 91 277 483 False
3 380 226 493 False
233 114 282 146 False
10 235 217 253 False
14 52 195 76 False
208 410 298 416 False
49 403 143 458 False
106 134 146 381 False
26 331 31 334 True
23 192 80 267 False
151 96 225 396 False
140 196 203 205 False
133 348 260 441 False
138 115 219 379 False
230 219 287 308 True
75 170 155 434 False
15 128 53 417 False
10 139 209 155 False
49 187 206 456 False
87 367 205 382 False
14 19 113 409 False
145 42 270 50 False
111 27 148 180 False
171 30 262 236 False
8 78 58 245 False
100 52 279 157 False
113 129 237 335 False
148 320 211 463 False
29 76 41 100 False
51 399 223 493 False
51 175 124 265 False
205 166 229 306 True
242 31 255 115 False
163 134 279 145 False
162 9 165 389 False
29 119 299 176 False
7 29 290 374 False
231 26 254 424 False
74 208 285 314 False
210 130 285 465 False
63 99 281 372 False
109 121 249 257 False
207 115 245 165 False
165 283 283 478 False
101 252 297 285 False
198 248 202 318 False
194 387 244 402 False
119 37 130 462 False
130 407 279 497 False
117 76 238 278 False
138 356 189 485 False
122 141 142 415 False
124 347 218 366 False
203 160 210 278 True
102 126 141 420 False
27 79 112 202 False
88 75 242 200 False
26 184 262 460 False
49 394 184 450 False
68 399 220 408 False
18 325 165 419 False
14 11 263 400 False
15 181 90 451 False
88 52 225 106 False
242 31 257 374 False
23 263 164 409 False
180 397 191 456 False
42 242 139 454 False
207 120 258 454 False
33 81 267 231 False
95 267 182 481 False
121 151 217 434 False
117 268 263 280 False
168 170 252 448 False
93 242 266 413 False
111 4 232 311 False
32 197 186 492 False
4 197 7 276 True
50 74 194 387 False
104 73 230 226 False
0 89 112 215 False
97 319 202 424 False
36 51 276 398 False
54 145 54 153 True
257 47 264 425 False
111 69 179 271 False
55 136 213 324 False
42 293 94 438 False
63 50 153 494 False
76 318 142 480 False
14 303 36 318 True
276 88 286 392 False
35 6 47 9 False
100 204 240 296 False
73 68 287 99 False
114 252 190 292 False
64 42 85 483 False
25 227 206 333 False
90 265 192 314 False
134 301 268 444 False
139 338 154 493 False
80 178 172 434 False
121 393 225 407 False
165 35 196 353 True
170 45 244 435 False
67 159 270 401 False
129 455 158 464 False
127 204 194 436 False
41 171 286 393 False
60 35 177 414 False
40 275 246 482 False
26 157 203 291 False
53 401 299 461 False
76 270 170 418 False
42 2 118 125 False
250 128 281 185 False
120 161 207 369 False
60 213 64 302 False
42 178 238 266 False
20 83 239 361 False
119 7 271 227 False
52 308 129 429 False
38 319 249 429 False
103 120 190 162 False
100 144 180 211 False
145 236 293 359 False
151 370 238 373 False
107 259 141 329 False
87 212 292 462 False
172 51 212 412 False
92 372 133 445 False
56 134 275 187 False
91 158 216 467 False
74 75 125 297 False
139 121 196 354 False
117 106 117 346 False
14 102 188 249 False
116 342 119 395 True
110 194 145 263 False
71 209 138 370 False
56 166 67 437 False
23 23 185 479 False
166 366 299 404 False
37 66 69 230 False
101 262 169 294 False
48 409 257 455 False
104 247 131 472 False
45 157 58 365 False
40 227 263 312 False
126 103 150 484 False
9 214 284 299 False
206 203 259 331 False
127 138 295 290 False
89 64 270 277 False
94 139 232 482 False
198 341 291 433 False
33 48 269 463 False
191 15 245 361 False
132 211 231 444 False
122 33 212 77 False
