23 70 32 77 False
2 0 27 4 False
25 40 32 72 False
20 38 35 47 True
1 1 19 70 False
0 46 4 64 False
8 31 29 52 False
10 7 24 51 False
13 11 37 62 False
22 7 26 51 False
26 11 29 37 True
25 61 31 69 False
6 44 33 49 False
3 7 24 27 False
23 4 26 42 False
13 2 14 56 True
22 18 27 41 False
22 8 24 33 True
0 56 3 79 False
17 37 27 59 False
14 23 32 72 False
20 8 25 21 False
22 16 39 27 False
0 58 29 62 True
1 24 7 63 False
9 18 35 43 False
15 17 27 39 False
11 36 16 75 False
4 11 19 73 False
12 41 37 64 False
14 8 24 54 False
7 1 25 58 False
17 66 35 75 False
13 55 26 72 False
9 9 24 20 False
18 24 38 29 False
12 2 25 64 False
6 40 36 49 False
1 45 3 51 False
8 9 32 36 False
