425 253 482 307 False
9 231 126 313 False
71 18 432 116 False
145 132 461 495 False
280 220 497 338 False
8 151 135 230 False
128 35 360 331 False
64 35 266 270 False
53 10 459 10 False
14 322 188 451 False
217 154 405 485 False
99 56 166 144 False
383 128 406 160 False
12 66 129 113 False
246 299 284 327 True
206 64 434 273 False
42 190 369 312 False
245 144 499 436 False
38 343 438 465 False
360 137 379 225 False
66 138 87 304 True
191 55 400 423 False
463 325 477 481 False
99 352 176 479 False
63 180 199 409 False
93 157 499 397 False
150 329 285 486 False
163 295 197 467 False
408 76 456 246 False
236 31 238 182 False
6 235 344 386 False
134 422 324 437 False
254 77 347 163 False
294 92 451 380 False
24 193 85 477 False
9 213 463 412 False
274 247 482 356 False
232 175 449 219 False
306 53 448 362 False
343 93 483 259 False
417 174 435 245 False
16 390 354 495 False
395 66 443 412 False
123 209 290 468 False
216 385 262 476 False
93 164 195 247 False
111 304 165 390 False
178 173 454 249 False
332 159 379 499 False
117 283 170 328 True
226 167 447 229 False
121 212 247 380 False
177 276 431 487 False
79 93 359 252 False
26 201 426 456 False
191 23 404 375 False
57 35 97 89 False
71 114 180 271 False
222 0 262 141 False
259 49 492 298 False
305 293 360 309 False
20 266 256 424 False
250 201 259 247 True
408 201 440 424 False
74 7 455 95 False
93 135 479 345 False
112 94 200 489 False
399 250 433 473 False
181 18 243 168 False
6 6 424 25 False
72 295 241 450 False
26 281 423 463 False
94 146 280 225 False
318 29 459 71 False
307 35 406 67 False
271 232 277 470 False
165 2 449 298 False
53 69 256 279 False
430 143 448 471 False
217 132 326 143 False
112 164 357 343 True
420 24 467 161 False
10 105 335 114 False
79 425 343 473 False
143 106 144 130 False
218 236 411 480 False
318 366 397 375 True
262 16 376 174 False
140 67 293 227 False
287 253 483 350 False
299 168 362 220 False
192 107 477 302 False
259 237 350 321 True
141 240 373 397 False
155 16 269 122 False
196 194 321 242 True
14 78 461 121 False
314 49 428 234 False
61 174 388 327 False
147 234 392 341 False
204 48 245 52 True
274 137 487 442 False
176 176 280 449 False
238 18 260 473 False
299 130 328 164 False
170 59 344 309 False
232 153 410 397 False
268 60 410 224 False
141 329 259 417 False
186 182 489 412 False
1 175 85 183 False
223 13 475 47 False
10 169 323 368 False
167 95 169 361 False
174 358 360 482 False
375 99 453 452 False
85 311 158 394 False
55 128 352 389 False
389 3 460 266 False
119 257 422 496 False
18 69 407 470 False
88 234 400 375 False
165 91 315 231 False
37 297 140 309 False
295 151 423 404 False
56 248 328 484 False
98 147 266 496 False
381 24 494 96 False
80 134 291 191 False
148 32 213 193 False
142 53 355 173 False
170 278 362 459 False
142 116 253 468 False
34 356 149 444 False
226 152 374 401 False
188 292 360 384 False
234 193 345 287 True
6 479 19 498 False
216 2 247 494 False
212 66 322 464 False
31 34 134 416 False
21 266 244 326 False
59 73 448 206 False
91 32 388 46 False
234 321 336 470 False
166 134 355 272 False
280 360 436 409 False
159 15 343 278 False
280 14 437 362 False
213 310 372 427 False
161 127 446 494 False
274 406 382 445 True
419 182 497 394 False
288 70 296 434 False
107 261 247 281 False
127 93 416 229 False
286 221 393 379 False
294 132 394 361 False
64 46 219 351 False
145 281 426 496 False
396 211 418 489 False
249 96 474 376 False
86 174 207 251 False
293 183 373 336 False
465 286 472 289 True
217 107 234 285 False
183 352 272 365 False
102 126 245 231 False
156 314 448 427 False
29 348 224 378 False
0 9 240 140 False
13 299 353 311 False
79 99 322 357 False
83 227 422 405 False
12 170 394 289 False
122 200 177 471 False
273 31 378 78 False
98 97 350 294 False
163 295 209 348 False
43 58 124 355 False
59 171 348 471 False
149 117 278 456 False
438 65 450 165 False
122 45 287 204 False
45 399 201 400 False
39 16 102 391 False
227 372 395 477 False
221 59 240 457 False
174 84 390 378 False
66 0 172 127 False
30 181 120 378 False
428 205 439 333 False
74 36 247 168 False
40 1 117 101 False
259 28 473 474 False
200 140 293 400 False
129 257 483 398 False
362 43 414 466 False
341 19 422 377 False
62 26 129 114 False
162 152 186 401 False
91 13 299 384 False
161 202 313 355 False
204 224 260 249 True
304 289 431 438 False
106 253 485 383 False
223 83 315 210 False
136 125 276 252 False
366 124 390 174 False
191 225 260 308 True
165 22 350 496 False
186 452 332 495 False
208 163 469 480 False
134 149 179 303 False
68 261 450 343 False
140 31 286 386 False
342 107 479 426 False
115 327 210 459 False
178 109 421 331 False
7 34 108 380 False
269 401 315 432 True
332 451 375 476 False
94 33 186 81 False
35 138 372 239 False
165 39 375 483 False
71 0 448 37 False
37 295 293 468 False
58 141 497 283 False
145 182 148 245 True
215 269 297 342 True
108 231 308 277 False
137 371 215 474 False
257 271 498 474 False
63 73 342 487 False
205 36 206 204 False
38 50 139 107 False
121 61 463 373 False
58 7 270 260 False
226 264 480 337 False
31 85 155 243 False
201 59 211 333 False
139 60 187 93 False
167 92 243 155 False
63 220 200 391 False
385 78 443 425 False
257 282 408 474 False
224 96 489 195 False
333 37 337 135 False
75 353 404 431 False
17 376 88 378 False
232 387 412 495 False
318 98 403 134 True
96 148 305 189 False
238 288 476 461 False
240 40 415 383 False
204 292 315 445 False
8 176 315 493 False
175 242 384 408 False
293 80 466 293 False
204 67 287 373 False
38 61 265 200 False
154 287 289 412 False
145 96 372 276 False
45 288 143 317 False
217 101 444 146 False
219 355 394 361 False
251 60 416 338 False
220 92 431 374 False
229 72 335 99 False
239 254 343 464 False
180 258 383 271 False
58 25 475 86 False
73 1 467 361 False
192 307 193 390 False
259 27 492 381 False
145 338 490 433 False
69 209 320 223 False
23 259 441 431 False
213 225 249 408 False
115 126 253 227 False
158 353 345 485 False
169 299 219 376 False
165 42 498 355 False
160 101 212 145 False
78 151 497 227 False
42 266 257 455 False
23 186 152 491 False
142 174 196 448 False
214 305 415 405 False
95 482 128 492 True
317 127 414 161 False
231 75 398 490 False
368 205 422 399 False
192 272 478 341 False
122 403 198 443 False
156 255 422 264 False
266 135 345 465 False
348 171 429 383 False
322 236 429 338 False
201 95 222 248 False
7 20 266 470 False
433 192 488 271 True
98 127 228 169 False
78 187 152 413 False
101 104 253 409 False
291 20 370 394 False
227 365 463 452 False
127 148 429 159 False
251 18 300 126 False
130 240 247 476 False
217 397 392 411 False
299 168 436 490 False
127 26 460 64 False
7 43 419 114 False
49 357 368 449 False
117 458 450 468 False
271 398 394 496 False
134 75 342 211 False
246 308 347 455 False
117 198 323 426 False
133 55 359 406 False
97 40 415 439 False
150 355 403 440 False
120 122 254 349 False
279 135 459 374 False
284 103 446 259 False
18 282 320 337 False
479 155 485 258 False
139 220 321 264 True
81 194 272 499 False
259 337 351 413 False
39 56 109 454 False
205 275 417 343 False
76 231 250 415 False
64 305 143 426 False
280 32 285 406 False
108 135 291 491 False
45 130 488 481 False
1 41 495 166 False
356 0 390 340 False
94 144 188 257 False
61 124 339 441 False
75 31 331 365 False
93 131 273 404 False
144 308 463 383 False
71 430 127 492 False
102 72 411 263 False
99 201 204 362 False
89 396 251 403 False
151 99 381 340 False
151 98 182 454 False
45 9 260 430 False
407 4 463 274 False
171 202 261 362 False
106 207 206 379 False
249 22 427 450 False
323 423 468 443 False
268 240 329 329 True
91 104 375 490 False
6 216 216 408 False
86 114 409 143 False
178 146 302 157 True
263 16 442 418 False
26 430 103 495 False
46 140 383 280 False
260 26 462 203 False
16 26 183 64 False
119 451 351 463 False
162 54 226 377 False
22 73 129 238 False
243 44 317 413 False
41 265 372 296 False
64 260 88 467 False
56 196 182 215 False
70 118 332 202 False
162 197 236 246 True
316 264 382 428 False
104 46 331 337 False
174 423 290 457 False
106 424 253 432 True
296 63 332 174 False
109 85 371 173 False
57 114 454 463 False
337 8 436 63 False
403 55 440 188 False
158 69 384 452 False
29 290 439 375 False
286 77 357 260 False
292 188 318 250 True
200 52 350 74 True
223 176 471 203 False
357 169 431 183 False
19 15 437 370 False
71 3 188 5 False
165 410 351 426 False
221 17 332 184 False
309 144 377 185 False
255 20 496 267 False
274 100 498 429 False
173 183 385 483 False
13 91 91 374 False
270 108 333 451 False
58 209 482 332 False
136 135 144 237 False
369 164 480 178 False
13 82 442 228 False
111 60 327 217 False
43 109 52 245 False
10 445 499 479 False
284 29 446 424 False
66 252 93 316 True
165 8 265 360 False
287 164 317 342 True
85 16 377 350 False
58 159 451 310 False
21 253 95 423 False
99 148 334 268 False
154 79 494 133 False
43 111 246 381 False
445 68 471 93 False
161 123 456 147 False
69 93 340 190 False
393 190 467 493 False
99 337 406 475 False
68 20 423 488 False
219 122 321 327 False
99 92 479 274 False
181 2 278 226 False
251 369 342 404 False
122 112 291 373 False
438 162 486 378 False
252 235 374 444 False
439 97 470 358 False
123 224 232 282 True
50 138 234 146 False
18 267 364 497 False
200 30 200 153 False
81 359 171 489 False
488 333 494 493 False
40 110 43 447 False
148 380 289 401 False
149 63 334 231 False
104 134 444 152 False
368 40 484 172 False
316 33 426 471 False
24 164 188 320 False
77 95 425 251 False
427 29 437 40 True
323 105 390 399 False
100 165 366 248 False
230 28 330 40 False
243 72 443 172 False
19 262 103 358 False
25 458 483 477 False
180 13 217 238 False
112 264 330 458 False
223 92 443 150 False
84 319 407 345 False
48 320 479 471 False
185 72 276 391 False
89 24 292 416 False
32 117 436 357 False
411 213 435 471 False
311 46 335 279 False
159 138 256 365 False
58 87 98 390 False
196 177 386 278 False
353 91 474 227 False
479 277 486 404 True
18 202 456 216 False
458 257 467 344 True
102 81 141 280 False
362 140 424 457 False
265 172 424 300 False
188 155 304 193 False
206 443 477 474 False
290 236 405 368 False
76 63 252 323 False
102 83 450 362 False
109 57 192 460 False
470 70 492 104 False
159 329 245 423 False
341 187 369 486 False
191 310 314 370 False
37 253 466 470 False
223 93 257 96 True
55 153 295 184 False
103 295 237 410 False
131 235 175 444 False
374 28 488 439 False
37 246 99 443 False
150 75 191 166 False
193 117 413 190 False
101 40 416 118 False
390 244 420 273 True
217 92 222 217 False
66 105 284 118 False
222 33 239 429 False
46 65 280 458 False
283 63 380 166 False
307 131 471 350 False
302 63 449 366 False
458 54 461 113 False
73 236 463 325 False
60 22 489 221 False
408 128 441 394 False
323 110 337 343 False
97 221 256 356 False
412 207 414 226 True
377 0 466 276 False
66 161 460 164 False
111 75 223 163 False
99 130 148 275 False
127 166 454 362 False
168 100 321 398 False
332 312 436 389 False
296 88 393 459 False
134 32 155 103 False
46 79 431 111 False
124 11 410 128 False
143 286 344 295 True
83 142 414 156 False
40 99 77 374 False
137 280 276 359 False
35 291 369 324 False
81 275 187 403 False
85 227 470 382 False
82 37 354 170 False
18 167 157 419 False
83 132 131 290 False
50 42 255 46 False
343 5 403 337 False
402 24 448 336 False
282 197 445 326 False
319 398 368 499 False
178 146 202 204 False
307 33 341 406 False
10 251 299 326 False
111 107 294 320 False
405 203 450 391 False
27 103 450 162 False
200 44 285 356 False
331 378 426 478 False
154 19 256 184 False
102 300 130 474 False
124 180 303 241 True
320 160 440 306 False
175 140 385 484 False
10 159 279 289 False
257 303 375 356 False
120 74 349 431 False
316 246 385 451 False
50 18 211 328 False
174 88 249 461 False
419 55 459 216 False
54 254 117 444 False
96 244 188 275 False
19 6 171 309 False
391 257 434 424 False
77 44 487 315 False
293 161 307 358 False
310 37 320 349 False
485 145 487 215 False
29 199 491 437 False
55 147 66 409 False
257 124 437 307 False
106 32 143 379 False
379 293 396 442 True
186 274 265 427 False
162 16 331 30 False
310 39 405 461 False
131 19 226 478 False
65 27 421 219 False
46 91 249 158 False
276 228 314 482 False
24 180 147 308 False
47 239 174 251 False
115 213 349 290 True
216 35 419 498 False
134 50 403 248 False
137 402 269 470 False
36 351 67 384 False
344 84 485 306 False
297 268 374 286 False
95 386 369 444 False
135 82 250 245 False
424 181 474 433 False
159 394 166 424 False
120 101 378 313 False
217 359 264 421 False
130 143 423 323 False
338 197 343 270 True
193 124 383 187 False
422 312 439 427 False
72 87 387 287 False
127 246 479 384 False
288 0 317 247 False
108 275 249 478 False
12 174 58 494 False
354 150 419 304 False
125 224 354 270 True
243 97 348 487 False
271 181 455 352 False
339 7 347 421 False
18 95 341 475 False
6 131 243 258 False
89 7 328 180 False
20 425 330 489 False
171 237 364 469 False
38 476 198 486 True
477 390 496 456 False
98 154 205 360 False
96 232 305 312 False
183 267 218 360 False
48 286 448 491 False
385 137 469 344 False
36 255 492 322 False
216 146 303 283 False
82 34 133 209 False
431 47 475 316 False
260 51 418 429 False
25 211 490 232 False
342 73 383 305 False
459 193 497 228 False
253 366 424 408 False
189 138 281 148 False
98 113 388 142 False
325 52 395 377 False
209 92 420 482 False
174 241 204 296 True
150 221 206 302 True
88 94 456 153 False
429 384 451 443 False
123 178 488 424 False
229 156 278 442 False
1 357 288 457 False
95 129 257 155 False
79 10 264 276 False
59 59 337 211 False
185 160 246 437 False
82 332 374 484 False
84 6 123 275 False
170 128 381 206 False
393 164 400 347 False
387 8 426 99 False
102 47 264 480 False
315 372 433 463 False
119 114 362 406 False
32 184 465 300 False
0 99 478 397 False
274 149 363 220 False
414 487 428 489 True
129 9 142 212 False
255 80 270 82 True
295 233 376 323 False
232 148 430 363 False
358 167 360 455 False
213 197 498 493 False
318 246 352 426 False
21 161 302 314 False
109 114 321 276 False
298 192 488 395 False
206 3 231 499 False
218 101 491 172 False
117 71 376 266 False
288 414 464 486 False
112 162 345 324 False
25 376 463 487 False
167 97 211 335 False
98 86 345 252 False
318 32 427 353 False
58 81 305 278 False
392 173 402 303 False
167 271 406 288 False
25 72 169 182 False
80 360 236 497 False
65 178 208 494 False
232 65 341 344 False
49 118 179 217 False
96 145 445 237 False
69 143 217 273 False
257 161 411 460 False
100 62 261 293 False
292 114 399 467 False
67 37 358 56 False
22 131 227 355 False
50 184 448 316 False
409 78 424 459 False
58 64 465 345 False
28 288 484 408 False
194 67 195 479 False
22 69 304 248 False
0 98 180 167 False
212 479 346 480 True
65 34 375 64 False
57 60 440 262 False
107 261 302 468 False
255 19 298 277 False
2 468 25 487 False
63 14 399 455 False
334 184 408 377 False
157 401 358 497 False
406 172 443 392 False
309 18 466 31 False
222 97 405 310 False
318 382 379 489 False
31 174 295 262 False
187 399 328 480 False
143 134 349 138 False
45 187 134 425 False
36 172 462 335 False
80 330 449 361 False
387 155 394 381 False
144 106 449 431 False
133 50 207 238 False
101 8 459 419 False
142 259 391 466 False
27 199 233 329 False
182 236 491 259 False
105 183 425 488 False
89 260 119 480 False
87 27 385 470 False
144 40 151 170 False
1 158 100 435 False
302 110 328 238 False
80 183 287 312 False
221 85 358 376 False
52 252 63 307 True
112 44 153 127 True
271 205 279 304 True
260 110 415 251 False
280 382 305 402 True
184 0 450 21 False
42 43 337 355 False
249 307 310 406 False
316 364 370 495 False
192 46 450 287 False
200 385 484 422 False
164 194 450 408 False
249 269 350 396 False
102 34 377 380 False
319 113 434 158 False
295 333 303 457 False
145 415 185 457 False
9 266 287 455 False
222 87 440 284 False
37 355 124 389 False
78 161 438 293 False
90 80 480 112 False
195 119 483 321 False
202 64 422 170 False
47 362 283 364 False
78 61 228 410 False
300 152 353 351 False
55 59 308 193 False
175 268 325 379 False
178 78 258 150 False
61 94 147 487 False
49 30 359 278 False
114 57 339 292 False
68 22 200 349 False
234 186 377 263 False
345 11 387 362 False
414 180 445 299 False
23 112 392 333 False
37 380 455 489 False
87 31 402 170 False
186 16 422 156 False
322 461 373 486 False
50 138 401 139 False
78 72 351 402 False
82 69 202 279 False
151 11 324 252 False
186 395 272 467 False
83 52 493 329 False
192 305 305 315 True
226 285 460 300 False
55 358 102 467 False
145 124 331 440 False
474 96 482 163 False
90 272 486 288 False
314 182 470 260 False
203 2 421 233 False
204 230 300 252 True
196 108 440 198 False
172 5 313 155 False
327 441 350 463 True
216 218 241 312 True
115 162 450 252 False
173 285 362 460 False
97 81 465 306 False
382 75 467 230 False
103 186 264 338 False
94 400 380 493 False
148 76 349 336 False
19 347 230 410 False
95 276 291 344 False
49 138 109 479 False
42 62 51 388 False
343 107 468 222 False
104 189 257 250 False
248 156 310 282 False
243 111 273 460 False
152 229 195 292 True
6 133 208 282 False
351 312 414 320 False
181 170 401 368 False
56 30 241 337 False
11 44 85 296 False
106 396 370 423 False
157 38 305 250 False
327 6 365 494 False
194 200 376 331 False
202 321 391 414 False
315 300 410 356 False
189 341 389 388 False
219 193 333 450 False
440 21 453 383 False
174 203 326 332 True
449 354 468 361 True
380 135 433 146 False
245 372 483 448 False
44 49 491 181 False
127 162 221 448 False
190 65 374 453 False
33 83 442 303 False
338 43 391 385 False
62 145 372 207 False
148 138 221 393 False
203 54 412 358 False
227 202 439 223 False
186 28 460 267 False
142 176 437 228 False
30 173 180 258 False
63 61 400 408 False
73 123 473 326 False
84 334 365 335 False
243 13 243 491 False
8 59 108 430 False
275 106 376 461 False
138 112 352 466 False
53 150 325 158 False
189 46 362 439 False
273 295 383 317 False
149 192 279 211 True
57 26 331 385 False
218 303 332 480 False
226 25 273 78 False
151 20 386 326 False
376 8 454 25 False
245 77 256 277 False
162 117 271 230 False
124 234 493 420 False
406 126 443 254 False
1 8 100 60 False
59 240 256 496 False
38 10 465 380 False
37 61 251 82 False
320 160 366 180 False
384 112 480 249 False
283 150 308 263 False
88 65 361 476 False
90 161 123 429 False
150 293 260 426 False
281 134 418 432 False
117 183 267 387 False
63 91 387 389 False
216 76 281 499 False
69 168 250 433 False
119 87 304 471 False
96 330 154 375 False
151 171 484 197 False
160 254 280 289 True
217 33 270 115 False
74 147 459 412 False
204 41 438 280 False
0 197 159 498 False
260 103 402 196 False
335 103 469 427 False
164 235 217 372 False
378 436 443 490 False
304 125 350 497 False
379 72 491 343 False
33 43 384 477 False
212 227 263 348 False
111 347 355 445 False
39 101 321 152 False
162 298 170 337 True
307 115 421 377 False
372 12 376 132 False
62 386 225 386 False
113 338 290 456 False
102 272 215 404 False
104 173 230 387 False
27 189 53 478 False
96 234 227 300 False
61 26 323 253 False
369 109 372 312 False
166 357 469 448 False
349 207 420 213 False
212 25 301 480 False
27 355 278 432 False
222 111 407 468 False
78 220 146 426 False
29 413 63 487 True
214 94 359 487 False
408 298 434 349 False
201 175 301 199 True
38 229 268 418 False
445 341 493 396 False
193 34 262 206 False
264 176 495 334 False
130 43 457 346 False
204 295 461 311 False
123 241 171 434 False
241 119 409 170 False
136 14 279 492 False
413 68 457 255 False
136 257 171 465 False
65 137 429 453 False
30 162 97 179 False
69 27 288 464 False
242 10 376 234 False
256 262 269 473 False
26 253 27 396 False
304 54 413 89 True
85 130 244 181 False
357 291 469 310 False
75 56 398 277 False
141 267 370 469 False
164 61 274 236 False
311 57 480 412 False
342 323 414 418 False
180 45 250 395 False
79 325 186 418 False
27 104 493 389 False
11 54 392 470 False
341 29 353 348 False
109 36 432 162 False
192 282 473 407 False
31 389 470 412 False
315 201 440 396 False
115 54 497 90 False
14 129 136 357 False
189 274 483 356 False
333 458 467 496 False
186 35 471 358 False
172 141 367 400 False
83 117 490 321 False
1 244 162 468 False
248 456 256 499 False
304 293 346 419 False
137 127 253 404 False
299 231 310 377 False
188 16 214 256 False
188 26 358 322 False
185 283 426 313 False
47 10 385 333 False
92 0 220 197 False
16 43 245 345 False
234 81 323 164 False
169 78 206 345 False
409 96 458 275 False
9 287 265 314 False
175 216 440 275 False
148 2 392 202 False
156 350 258 493 False
262 263 452 345 False
31 385 463 499 False
198 291 493 407 False
36 242 147 417 False
111 28 140 299 False
144 275 378 356 False
53 20 195 439 False
34 45 256 485 False
177 314 229 448 False
23 73 452 121 False
43 18 397 137 False
338 159 340 191 False
192 191 272 414 False
149 431 193 471 False
42 179 136 266 False
307 139 454 325 False
32 334 208 413 False
85 18 89 478 False
155 39 396 71 False
179 114 399 225 False
7 378 368 458 False
375 354 445 395 False
115 129 237 496 False
116 322 398 329 False
42 27 450 297 False
236 109 303 256 False
70 117 395 153 False
390 143 499 263 False
25 179 125 315 False
82 206 220 371 False
200 132 286 134 False
298 273 317 493 False
64 116 210 403 False
