2 4 5 5 5 5 2 4 184 2 5 141 6 1 5 167 4 3 2 4
5 202 4 1 2 6 6 3 6 4 2 1 4 153 1 2 4 171 133 4
2 5 1 5 6 6 199 3 1 6 3 5 165 4 165 3 2 2 3 6
4 5 5 193 5 1 2 4 1 1 1 2 5 3 3 4 6 4 2 4
5 2 3 5 204 3 5 165 6 209 6 2 2 4 170 3 6 1 5 3
5 1 1 3 185 1 3 3 4 3 5 1 2 1 2 168 173 1 140 1
6 2 4 5 1 6 4 2 207 2 3 4 2 4 6 4 1 6 144 5
1 4 245 4 5 6 6 3 2 5 1 3 5 5 5 188 4 5 4 5
2 5 3 6 2 2 5 6 4 6 1 2 5 1 4 3 2 2 144 1
3 2 219 4 4 2 5 1 5 2 182 1 3 1 5 179 5 189 1 181
6 3 3 3 3 1 4 2 2 2 6 1 2 6 3 5 6 1 4 3
4 2 3 5 5 1 2 4 4 235 6 6 4 6 3 5 197 3 4 1
1 4 5 4 4 1 1 1 217 2 6 2 4 1 2 196 1 2 5 5
1 248 1 3 4 1 3 5 5 4 5 5 4 4 5 2 2 2 1 5
1 3 4 5 2 3 4 1 3 4 2 6 5 5 1 6 4 3 160 2
2 5 246 3 4 246 2 6 5 1 6 4 2 2 4 1 1 6 3 197
296 3 2 6 236 247 6 199 4 4 4 4 1 210 5 6 207 4 3 3
4 261 4 6 4 3 5 1 1 6 2 4 6 4 214 3 211 6 2 6
301 2 1 2 1 5 3 1 246 4 4 5 5 3 4 3 4 2 6 1
3 255 4 6 2 6 258 2 5 2 3 4 6 211 5 2 1 6 173 1
135939
