67 67 67 67 67 67 67 67 67 67 67 67 67 67 67 67 67 67 67 67 67 67 67 67 67 67 67 67 67 67 67 67 67 67 67 67 67 67 67 67 67 67 67 67 67 67 67 67 67 67
67 93 93 93 93 93 93 93 93 93 93 93 93 93 93 93 93 93 93 93 93 93 93 93 93 93 93 93 93 93 93 93 93 93 93 93 93 93 93 93 93 93 93 93 93 93 93 93 93 67
67 93 65 65 65 65 65 65 65 65 65 65 65 65 65 65 65 65 65 65 65 65 65 65 65 65 65 65 65 65 65 65 65 65 65 65 65 65 65 65 65 65 65 65 65 65 65 65 93 67
67 93 65 87 87 87 87 87 87 87 87 87 87 87 87 87 87 87 87 87 87 87 87 87 87 87 87 87 87 87 87 87 87 87 87 87 87 87 87 87 87 87 87 87 87 87 87 65 93 67
67 93 65 87 61 61 61 61 61 61 61 61 61 61 61 61 61 61 61 61 61 61 61 61 61 61 61 61 61 61 61 61 61 61 61 61 61 61 61 61 61 61 61 61 61 61 87 65 93 67
67 93 65 87 61 80 80 80 80 80 80 80 80 80 80 80 80 80 80 80 80 80 80 80 80 80 80 80 80 80 80 80 80 80 80 80 80 80 80 80 80 80 80 80 80 61 87 65 93 67
67 93 65 87 61 80 55 55 55 55 55 55 55 55 55 55 55 55 55 55 55 55 55 55 55 55 55 55 55 55 55 55 55 55 55 55 55 55 55 55 55 55 55 55 80 61 87 65 93 67
67 93 65 87 61 80 55 63 63 63 63 63 63 63 63 63 63 63 63 63 63 63 63 63 63 63 63 63 63 63 63 63 63 63 63 63 63 63 63 63 63 63 63 55 80 61 87 65 93 67
67 93 65 87 61 80 55 63 57 57 57 57 57 57 57 57 57 57 57 57 57 57 57 57 57 57 57 57 57 57 57 57 57 57 57 57 57 57 57 57 57 57 63 55 80 61 87 65 93 67
67 93 65 87 61 80 55 63 57 95 95 95 95 95 95 95 95 95 95 95 95 95 95 95 95 95 95 95 95 95 95 95 95 95 95 95 95 95 95 95 95 57 63 55 80 61 87 65 93 67
67 93 65 87 61 80 55 63 57 95 92 92 92 92 92 92 92 92 92 92 92 92 92 92 92 92 92 92 92 92 92 92 92 92 92 92 92 92 92 92 95 57 63 55 80 61 87 65 93 67
67 93 65 87 61 80 55 63 57 95 92 97 97 97 97 97 97 97 97 97 97 97 97 97 97 97 97 97 97 97 97 97 97 97 97 97 97 97 97 92 95 57 63 55 80 61 87 65 93 67
67 93 65 87 61 80 55 63 57 95 92 97 96 96 96 96 96 96 96 96 96 96 96 96 96 96 96 96 96 96 96 96 96 96 96 96 96 96 97 92 95 57 63 55 80 61 87 65 93 67
67 93 65 87 61 80 55 63 57 95 92 97 96 72 72 72 72 72 72 72 72 72 72 72 72 72 72 72 72 72 72 72 72 72 72 72 72 96 97 92 95 57 63 55 80 61 87 65 93 67
67 93 65 87 61 80 55 63 57 95 92 97 96 72 79 79 79 79 79 79 79 79 79 79 79 79 79 79 79 79 79 79 79 79 79 79 72 96 97 92 95 57 63 55 80 61 87 65 93 67
67 93 65 87 61 80 55 63 57 95 92 97 96 72 79 73 73 73 73 73 73 73 73 73 73 73 73 73 73 73 73 73 73 73 73 79 72 96 97 92 95 57 63 55 80 61 87 65 93 67
67 93 65 87 61 80 55 63 57 95 92 97 96 72 79 73 59 59 59 59 59 59 59 59 59 59 59 59 59 59 59 59 59 59 73 79 72 96 97 92 95 57 63 55 80 61 87 65 93 67
67 93 65 87 61 80 55 63 57 95 92 97 96 72 79 73 59 91 91 91 91 91 91 91 91 91 91 91 91 91 91 91 91 59 73 79 72 96 97 92 95 57 63 55 80 61 87 65 93 67
67 93 65 87 61 80 55 63 57 95 92 97 96 72 79 73 59 91 93 93 93 93 93 93 93 93 93 93 93 93 93 93 91 59 73 79 72 96 97 92 95 57 63 55 80 61 87 65 93 67
67 93 65 87 61 80 55 63 57 95 92 97 96 72 79 73 59 91 93 96 96 96 96 96 96 96 96 96 96 96 96 93 91 59 73 79 72 96 97 92 95 57 63 55 80 61 87 65 93 67
67 93 65 87 61 80 55 63 57 95 92 97 96 72 79 73 59 91 93 96 52 52 52 52 52 52 52 52 52 52 96 93 91 59 73 79 72 96 97 92 95 57 63 55 80 61 87 65 93 67
67 93 65 87 61 80 55 63 57 95 92 97 96 72 79 73 59 91 93 96 52 93 93 93 93 93 93 93 93 52 96 93 91 59 73 79 72 96 97 92 95 57 63 55 80 61 87 65 93 67
67 93 65 87 61 80 55 63 57 95 92 97 96 72 79 73 59 91 93 96 52 93 82 82 82 82 82 82 93 52 96 93 91 59 73 79 72 96 97 92 95 57 63 55 80 61 87 65 93 67
67 93 65 87 61 80 55 63 57 95 92 97 96 72 79 73 59 91 93 96 52 93 82 74 74 74 74 82 93 52 96 93 91 59 73 79 72 96 97 92 95 57 63 55 80 61 87 65 93 67
67 93 65 87 61 80 55 63 57 95 92 97 96 72 79 73 59 91 93 96 52 93 82 74 62 62 74 82 93 52 96 93 91 59 73 79 72 96 97 92 95 57 63 55 80 61 87 65 93 67
67 93 65 87 61 80 55 63 57 95 92 97 96 72 79 73 59 91 93 96 52 93 82 74 62 62 74 82 93 52 96 93 91 59 73 79 72 96 97 92 95 57 63 55 80 61 87 65 93 67
67 93 65 87 61 80 55 63 57 95 92 97 96 72 79 73 59 91 93 96 52 93 82 74 74 74 74 82 93 52 96 93 91 59 73 79 72 96 97 92 95 57 63 55 80 61 87 65 93 67
67 93 65 87 61 80 55 63 57 95 92 97 96 72 79 73 59 91 93 96 52 93 82 82 82 82 82 82 93 52 96 93 91 59 73 79 72 96 97 92 95 57 63 55 80 61 87 65 93 67
67 93 65 87 61 80 55 63 57 95 92 97 96 72 79 73 59 91 93 96 52 93 93 93 93 93 93 93 93 52 96 93 91 59 73 79 72 96 97 92 95 57 63 55 80 61 87 65 93 67
67 93 65 87 61 80 55 63 57 95 92 97 96 72 79 73 59 91 93 96 52 52 52 52 52 52 52 52 52 52 96 93 91 59 73 79 72 96 97 92 95 57 63 55 80 61 87 65 93 67
67 93 65 87 61 80 55 63 57 95 92 97 96 72 79 73 59 91 93 96 96 96 96 96 96 96 96 96 96 96 96 93 91 59 73 79 72 96 97 92 95 57 63 55 80 61 87 65 93 67
67 93 65 87 61 80 55 63 57 95 92 97 96 72 79 73 59 91 93 93 93 93 93 93 93 93 93 93 93 93 93 93 91 59 73 79 72 96 97 92 95 57 63 55 80 61 87 65 93 67
67 93 65 87 61 80 55 63 57 95 92 97 96 72 79 73 59 91 91 91 91 91 91 91 91 91 91 91 91 91 91 91 91 59 73 79 72 96 97 92 95 57 63 55 80 61 87 65 93 67
67 93 65 87 61 80 55 63 57 95 92 97 96 72 79 73 59 59 59 59 59 59 59 59 59 59 59 59 59 59 59 59 59 59 73 79 72 96 97 92 95 57 63 55 80 61 87 65 93 67
67 93 65 87 61 80 55 63 57 95 92 97 96 72 79 73 73 73 73 73 73 73 73 73 73 73 73 73 73 73 73 73 73 73 73 79 72 96 97 92 95 57 63 55 80 61 87 65 93 67
67 93 65 87 61 80 55 63 57 95 92 97 96 72 79 79 79 79 79 79 79 79 79 79 79 79 79 79 79 79 79 79 79 79 79 79 72 96 97 92 95 57 63 55 80 61 87 65 93 67
67 93 65 87 61 80 55 63 57 95 92 97 96 72 72 72 72 72 72 72 72 72 72 72 72 72 72 72 72 72 72 72 72 72 72 72 72 96 97 92 95 57 63 55 80 61 87 65 93 67
67 93 65 87 61 80 55 63 57 95 92 97 96 96 96 96 96 96 96 96 96 96 96 96 96 96 96 96 96 96 96 96 96 96 96 96 96 96 97 92 95 57 63 55 80 61 87 65 93 67
67 93 65 87 61 80 55 63 57 95 92 97 97 97 97 97 97 97 97 97 97 97 97 97 97 97 97 97 97 97 97 97 97 97 97 97 97 97 97 92 95 57 63 55 80 61 87 65 93 67
67 93 65 87 61 80 55 63 57 95 92 92 92 92 92 92 92 92 92 92 92 92 92 92 92 92 92 92 92 92 92 92 92 92 92 92 92 92 92 92 95 57 63 55 80 61 87 65 93 67
67 93 65 87 61 80 55 63 57 95 95 95 95 95 95 95 95 95 95 95 95 95 95 95 95 95 95 95 95 95 95 95 95 95 95 95 95 95 95 95 95 57 63 55 80 61 87 65 93 67
67 93 65 87 61 80 55 63 57 57 57 57 57 57 57 57 57 57 57 57 57 57 57 57 57 57 57 57 57 57 57 57 57 57 57 57 57 57 57 57 57 57 63 55 80 61 87 65 93 67
67 93 65 87 61 80 55 63 63 63 63 63 63 63 63 63 63 63 63 63 63 63 63 63 63 63 63 63 63 63 63 63 63 63 63 63 63 63 63 63 63 63 63 55 80 61 87 65 93 67
67 93 65 87 61 80 55 55 55 55 55 55 55 55 55 55 55 55 55 55 55 55 55 55 55 55 55 55 55 55 55 55 55 55 55 55 55 55 55 55 55 55 55 55 80 61 87 65 93 67
67 93 65 87 61 80 80 80 80 80 80 80 80 80 80 80 80 80 80 80 80 80 80 80 80 80 80 80 80 80 80 80 80 80 80 80 80 80 80 80 80 80 80 80 80 61 87 65 93 67
67 93 65 87 61 61 61 61 61 61 61 61 61 61 61 61 61 61 61 61 61 61 61 61 61 61 61 61 61 61 61 61 61 61 61 61 61 61 61 61 61 61 61 61 61 61 87 65 93 67
67 93 65 87 87 87 87 87 87 87 87 87 87 87 87 87 87 87 87 87 87 87 87 87 87 87 87 87 87 87 87 87 87 87 87 87 87 87 87 87 87 87 87 87 87 87 87 65 93 67
67 93 65 65 65 65 65 65 65 65 65 65 65 65 65 65 65 65 65 65 65 65 65 65 65 65 65 65 65 65 65 65 65 65 65 65 65 65 65 65 65 65 65 65 65 65 65 65 93 67
67 93 93 93 93 93 93 93 93 93 93 93 93 93 93 93 93 93 93 93 93 93 93 93 93 93 93 93 93 93 93 93 93 93 93 93 93 93 93 93 93 93 93 93 93 93 93 93 93 67
67 67 67 67 67 67 67 67 67 67 67 67 67 67 67 67 67 67 67 67 67 67 67 67 67 67 67 67 67 67 67 67 67 67 67 67 67 67 67 67 67 67 67 67 67 67 67 67 67 67
