1 2 294 1 1 1 278 2 286 1 1 2 278 280 2 2 287 1 251 2
2 1 1 1 298 289 1 1 1 1 295 2 277 1 254 287 2 2 1 280
1 308 2 1 2 293 282 1 2 1 2 296 2 2 255 2 290 1 2 1
299 2 2 1 298 1 1 311 286 277 1 2 278 281 254 2 289 2 1 281
297 302 296 1 300 1 1 313 288 279 1 2 280 283 1 1 2 2 254 1
2 2 303 1 2 1 2 1 1 281 303 302 2 1 1 1 1 2 2 2
307 312 1 2 1 1 286 1 1 2 2 2 2 1 256 293 2 2 256 1
300 305 298 276 305 2 282 2 1 2 300 1 283 2 255 1 294 1 1 1
2 1 297 275 1 295 1 318 1 283 303 2 2 1 2 292 1 297 2 286
308 312 2 2 308 1 2 1 1 1 1 1 287 289 2 2 2 2 258 286
2 2 1 280 308 1 1 1 1 1 1 306 1 2 262 2 1 1 1 2
314 318 1 1 2 2 292 2 2 1 308 2 1 2 2 299 1 2 2 1
2 2 2 2 1 307 2 329 2 2 2 310 2 2 2 1 2 1 1 1
1 2 311 2 1 305 1 328 2 2 1 2 2 295 2 300 304 2 2 2
1 316 1 2 1 301 291 2 2 290 1 309 2 1 2 298 302 1 1 2
317 2 1 1 2 1 2 2 2 1 1 1 294 295 1 2 1 307 1 2
1 1 1 2 2 2 1 2 1 291 1 1 295 296 1 1 2 2 1 1
312 318 1 1 316 2 293 330 2 292 1 2 1 2 2 1 303 1 268 1
1 322 315 2 2 1 1 1 2 293 1 315 1 2 1 2 1 2 269 2
2 1 311 1 2 307 1 1 1 2 2 311 296 1 274 306 1 2 2 1
8556044
